<?xml version="1.0" encoding="UTF-8"?>
<testng-results ignored="0" total="1" passed="1" failed="0" skipped="0">
  <reporter-output>
    <line>
      <![CDATA[Browser Launched]]>
    </line>
    <line>
      <![CDATA[Click on gender to continue]]>
    </line>
    <line>
      <![CDATA[Click on husband]]>
    </line>
    <line>
      <![CDATA[Click on next button on health plan page]]>
    </line>
    <line>
      <![CDATA[Select the member2]]>
    </line>
    <line>
      <![CDATA[Select the member1]]>
    </line>
    <line>
      <![CDATA[Click on next button on member details page]]>
    </line>
    <line>
      <![CDATA[Get data from excel]]>
    </line>
    <line>
      <![CDATA[Entering pincode]]>
    </line>
    <line>
      <![CDATA[Get data from excel]]>
    </line>
    <line>
      <![CDATA[Enter mobile number]]>
    </line>
    <line>
      <![CDATA[Click on continue button on address page]]>
    </line>
    <line>
      <![CDATA[TC passed]]>
    </line>
    <line>
      <![CDATA[Closing browser]]>
    </line>
  </reporter-output>
  <suite started-at="2025-05-09T17:51:27 IST" name="Default suite" finished-at="2025-05-09T17:52:26 IST" duration-ms="58761">
    <groups>
    </groups>
    <test started-at="2025-05-09T17:51:27 IST" name="Default test" finished-at="2025-05-09T17:52:26 IST" duration-ms="58761">
      <class name="com.Coverfox_TestNG.FinalPage_TestNG">
        <test-method is-config="true" signature="launchbrowser()[pri:0, instance:com.Coverfox_TestNG.FinalPage_TestNG@185a6e9]" started-at="2025-05-09T17:51:27 IST" name="launchbrowser" finished-at="2025-05-09T17:52:06 IST" duration-ms="38704" status="PASS">
          <reporter-output>
            <line>
              <![CDATA[Browser Launched]]>
            </line>
            <line>
              <![CDATA[Click on gender to continue]]>
            </line>
            <line>
              <![CDATA[Click on husband]]>
            </line>
            <line>
              <![CDATA[Click on next button on health plan page]]>
            </line>
            <line>
              <![CDATA[Select the member2]]>
            </line>
            <line>
              <![CDATA[Select the member1]]>
            </line>
            <line>
              <![CDATA[Click on next button on member details page]]>
            </line>
            <line>
              <![CDATA[Get data from excel]]>
            </line>
            <line>
              <![CDATA[Entering pincode]]>
            </line>
            <line>
              <![CDATA[Get data from excel]]>
            </line>
            <line>
              <![CDATA[Enter mobile number]]>
            </line>
            <line>
              <![CDATA[Click on continue button on address page]]>
            </line>
          </reporter-output>
        </test-method> <!-- launchbrowser -->
        <test-method signature="validateFinalPage()[pri:0, instance:com.Coverfox_TestNG.FinalPage_TestNG@185a6e9]" started-at="2025-05-09T17:52:06 IST" name="validateFinalPage" finished-at="2025-05-09T17:52:22 IST" duration-ms="16464" status="PASS">
          <reporter-output>
            <line>
              <![CDATA[TC passed]]>
            </line>
          </reporter-output>
        </test-method> <!-- validateFinalPage -->
        <test-method is-config="true" signature="closebrowser()[pri:0, instance:com.Coverfox_TestNG.FinalPage_TestNG@185a6e9]" started-at="2025-05-09T17:52:22 IST" name="closebrowser" finished-at="2025-05-09T17:52:26 IST" duration-ms="3514" status="PASS">
          <reporter-output>
            <line>
              <![CDATA[Closing browser]]>
            </line>
          </reporter-output>
        </test-method> <!-- closebrowser -->
      </class> <!-- com.Coverfox_TestNG.FinalPage_TestNG -->
    </test> <!-- Default test -->
  </suite> <!-- Default suite -->
</testng-results>
